

---------- Outline Creation Feedback Conversation Starting ----------


basic_chat: Admin -> Outline_Writer
Admin (to Outline_Writer):


Create an outline for a podcast that gives an introduction around the discography of Fleetwood Mac.

FORMAT

ARTIST: [Insert Artist/Band Name Here]

----------

INTRODUCTION (3-5 minutes)
- Briefly introduce the artist/band, emphasizing their significance in the music industry.
- Pose a trivia question that encapsulates an interesting aspect of the artist's/band's career, which the episode will later reveal.
- Highlight a signature track that introduces the artist's/band's style, or was their breakthrogh, whatever seems interesting.

----------

ERA 1: [Era Name] ([Years]) ([x] minutes of speech)
- Summary: Outline the general theme and musical direction of this era.
- Tracks: Curate a mix of hits and lesser-known tracks (with 10 tracks in total across all eras).
- Anecdotes/Stories: Share engaging stories from this time period, including personal or interband dynamics.
- Notable Releases: Discuss any significant album or single releases.
- If applicabe: Awards/Recognition: Mention any accolades received during this era. Concerts/Tours: Reflect on memorable live performances or tours.

----------

ERA 2: [Era Name] ([Years]) ([x] minutes of speech)
- ...
- ...
...

----------

(Repeat the same format for subsequent eras as necessary.)

----------

CONCLUSION (2-3 minutes)
- Recap the artist's/band's musical journey, reflecting on the transformation and legacy.
- Answer the trivia question, tying it back to the information presented throughout the episode.
- Suggest must-listen releases
- Close with a track that represents the culmination of the artist's/band's musical exploration or their lasting influence.
    

--------------------------------------------------------------------------------
basic_chat(): replied with: ARTIST: Fleetwood Mac

----------

INTRODUCTION (3-5 minutes)
- Introduction to Fleetwood Mac, their influence and impact on the music industry.
- Trivia Question: "Which two members of Fleetwood Mac were in a romantic relationship during the recording of the album 'Rumours'?"
- Highlight Track: "Go Your Own Way" from the album 'Rumours'.

----------

ERA 1: Blues Beginnings (1967-1970) (5 minutes of speech)
- Summary: Discuss the band's formation and early blues-rock sound.
- Tracks: "Black Magic Woman", "Albatross", "Oh Well".
- Anecdotes/Stories: Discuss the band's formation and the addition of Christine McVie.
- Notable Releases: Debut album 'Fleetwood Mac', 'Then Play On'.
- Awards/Recognition: 'Then Play On' reached No. 6 in the UK.

----------

ERA 2: Transition and Turmoil (1971-1974) (5 minutes of speech)
- Summary: Discuss the band's transition towards a more rock/pop sound and the departure of Peter Green.
- Tracks: "Dragonfly", "Did You Ever Love Me".
- Anecdotes/Stories: Discuss the departure of Peter Green and the addition of Bob Welch.
- Notable Releases: 'Future Games', 'Bare Trees'.
- Concerts/Tours: The band's first US tour.

----------

ERA 3: The Golden Era (1975-1987) (5 minutes of speech)
- Summary: Discuss the band's most successful period, marked by the addition of Stevie Nicks and Lindsey Buckingham.
- Tracks: "Rhiannon", "Don't Stop", "The Chain", "Tusk", "Gypsy".
- Anecdotes/Stories: Discuss the romantic relationships and tensions within the band during this period.
- Notable Releases: 'Fleetwood Mac', 'Rumours', 'Tusk'.
- Awards/Recognition: 'Rumours' won the Grammy for Album of the Year.
- Concerts/Tours: The massive success of the 'Rumours' tour.

----------

CONCLUSION (2-3 minutes)
- Recap of Fleetwood Mac's musical journey, their transformation from a blues band to one of the most successful rock/pop bands of all time.
- Answer to Trivia Question: "Stevie Nicks and Lindsey Buckingham were in a romantic relationship during the recording of 'Rumours'."
- Must-listen releases: 'Fleetwood Mac', 'Rumours', 'Tusk'.
- Closing Track: "Everywhere" from the album 'Tango in the Night'.


--------- Running iteration 0 with (agent_a: Outline_Writer, agent_b: Outline_Critic) ----------


basic_chat: Outline_Writer -> Outline_Critic
Outline_Writer (to Outline_Critic):

ARTIST: Fleetwood Mac

----------

INTRODUCTION (3-5 minutes)
- Introduction to Fleetwood Mac, their influence and impact on the music industry.
- Trivia Question: "Which two members of Fleetwood Mac were in a romantic relationship during the recording of the album 'Rumours'?"
- Highlight Track: "Go Your Own Way" from the album 'Rumours'.

----------

ERA 1: Blues Beginnings (1967-1970) (5 minutes of speech)
- Summary: Discuss the band's formation and early blues-rock sound.
- Tracks: "Black Magic Woman", "Albatross", "Oh Well".
- Anecdotes/Stories: Discuss the band's formation and the addition of Christine McVie.
- Notable Releases: Debut album 'Fleetwood Mac', 'Then Play On'.
- Awards/Recognition: 'Then Play On' reached No. 6 in the UK.

----------

ERA 2: Transition and Turmoil (1971-1974) (5 minutes of speech)
- Summary: Discuss the band's transition towards a more rock/pop sound and the departure of Peter Green.
- Tracks: "Dragonfly", "Did You Ever Love Me".
- Anecdotes/Stories: Discuss the departure of Peter Green and the addition of Bob Welch.
- Notable Releases: 'Future Games', 'Bare Trees'.
- Concerts/Tours: The band's first US tour.

----------

ERA 3: The Golden Era (1975-1987) (5 minutes of speech)
- Summary: Discuss the band's most successful period, marked by the addition of Stevie Nicks and Lindsey Buckingham.
- Tracks: "Rhiannon", "Don't Stop", "The Chain", "Tusk", "Gypsy".
- Anecdotes/Stories: Discuss the romantic relationships and tensions within the band during this period.
- Notable Releases: 'Fleetwood Mac', 'Rumours', 'Tusk'.
- Awards/Recognition: 'Rumours' won the Grammy for Album of the Year.
- Concerts/Tours: The massive success of the 'Rumours' tour.

----------

CONCLUSION (2-3 minutes)
- Recap of Fleetwood Mac's musical journey, their transformation from a blues band to one of the most successful rock/pop bands of all time.
- Answer to Trivia Question: "Stevie Nicks and Lindsey Buckingham were in a romantic relationship during the recording of 'Rumours'."
- Must-listen releases: 'Fleetwood Mac', 'Rumours', 'Tusk'.
- Closing Track: "Everywhere" from the album 'Tango in the Night'.

--------------------------------------------------------------------------------
basic_chat(): replied with: - Merge Era 1 and Era 2 to maintain a more cohesive narrative.
- Add more depth to Era 3 by discussing specific songs and their meanings.
- Include more tracks from the later era to balance music choice.
- Add an era for the band's later years (1988-present) for completeness.
- Include more anecdotes/stories in each era for engagement.
- Discuss the band's influence on other artists for originality.


--------- Running iteration 1 with (agent_a: Outline_Critic, agent_b: Outline_Writer) ----------


basic_chat: Outline_Critic -> Outline_Writer
Outline_Critic (to Outline_Writer):

- Merge Era 1 and Era 2 to maintain a more cohesive narrative.
- Add more depth to Era 3 by discussing specific songs and their meanings.
- Include more tracks from the later era to balance music choice.
- Add an era for the band's later years (1988-present) for completeness.
- Include more anecdotes/stories in each era for engagement.
- Discuss the band's influence on other artists for originality.

--------------------------------------------------------------------------------
basic_chat(): replied with: ARTIST: Fleetwood Mac

----------

INTRODUCTION (3-5 minutes)
- Introduction to Fleetwood Mac, their influence and impact on the music industry.
- Trivia Question: "Which two members of Fleetwood Mac were in a romantic relationship during the recording of the album 'Rumours'?"
- Highlight Track: "Go Your Own Way" from the album 'Rumours'.

----------

ERA 1: Blues Beginnings and Transition (1967-1974) (7 minutes of speech)
- Summary: Discuss the band's formation, early blues-rock sound, and transition towards a more rock/pop sound.
- Tracks: "Black Magic Woman", "Albatross", "Oh Well", "Dragonfly", "Did You Ever Love Me".
- Anecdotes/Stories: Discuss the band's formation, the addition of Christine McVie, the departure of Peter Green, and the addition of Bob Welch.
- Notable Releases: Debut album 'Fleetwood Mac', 'Then Play On', 'Future Games', 'Bare Trees'.
- Awards/Recognition: 'Then Play On' reached No. 6 in the UK.
- Concerts/Tours: The band's first US tour.

----------

ERA 2: The Golden Era (1975-1987) (8 minutes of speech)
- Summary: Discuss the band's most successful period, marked by the addition of Stevie Nicks and Lindsey Buckingham.
- Tracks: "Rhiannon", "Don't Stop", "The Chain", "Tusk", "Gypsy", "Little Lies".
- Anecdotes/Stories: Discuss the romantic relationships and tensions within the band during this period, the story behind "The Chain", and the unique recording process of "Tusk".
- Notable Releases: 'Fleetwood Mac', 'Rumours', 'Tusk'.
- Awards/Recognition: 'Rumours' won the Grammy for Album of the Year.
- Concerts/Tours: The massive success of the 'Rumours' tour.

----------

ERA 3: Later Years and Legacy (1988-present) (5 minutes of speech)
- Summary: Discuss the band's later years, lineup changes, and enduring legacy.
- Tracks: "Everywhere", "Save Me", "Peacekeeper".
- Anecdotes/Stories: Discuss the departure and return of various members, the band's induction into the Rock and Roll Hall of Fame, and their influence on other artists.
- Notable Releases: 'Tango in the Night', 'Behind the Mask', 'Say You Will'.
- Awards/Recognition: Induction into the Rock and Roll Hall of Fame.
- Concerts/Tours: The band's successful reunion tours.

----------

CONCLUSION (2-3 minutes)
- Recap of Fleetwood Mac's musical journey, their transformation from a blues band to one of the most successful rock/pop bands of all time.
- Answer to Trivia Question: "Stevie Nicks and Lindsey Buckingham were in a romantic relationship during the recording of 'Rumours'."
- Must-listen releases: 'Fleetwood Mac', 'Rumours', 'Tusk'.
- Closing Track: "Landslide" from the album 'Fleetwood Mac'.


--------- Running iteration 2 with (agent_a: Outline_Writer, agent_b: Outline_Critic) ----------


basic_chat: Outline_Writer -> Outline_Critic
Outline_Writer (to Outline_Critic):

ARTIST: Fleetwood Mac

----------

INTRODUCTION (3-5 minutes)
- Introduction to Fleetwood Mac, their influence and impact on the music industry.
- Trivia Question: "Which two members of Fleetwood Mac were in a romantic relationship during the recording of the album 'Rumours'?"
- Highlight Track: "Go Your Own Way" from the album 'Rumours'.

----------

ERA 1: Blues Beginnings and Transition (1967-1974) (7 minutes of speech)
- Summary: Discuss the band's formation, early blues-rock sound, and transition towards a more rock/pop sound.
- Tracks: "Black Magic Woman", "Albatross", "Oh Well", "Dragonfly", "Did You Ever Love Me".
- Anecdotes/Stories: Discuss the band's formation, the addition of Christine McVie, the departure of Peter Green, and the addition of Bob Welch.
- Notable Releases: Debut album 'Fleetwood Mac', 'Then Play On', 'Future Games', 'Bare Trees'.
- Awards/Recognition: 'Then Play On' reached No. 6 in the UK.
- Concerts/Tours: The band's first US tour.

----------

ERA 2: The Golden Era (1975-1987) (8 minutes of speech)
- Summary: Discuss the band's most successful period, marked by the addition of Stevie Nicks and Lindsey Buckingham.
- Tracks: "Rhiannon", "Don't Stop", "The Chain", "Tusk", "Gypsy", "Little Lies".
- Anecdotes/Stories: Discuss the romantic relationships and tensions within the band during this period, the story behind "The Chain", and the unique recording process of "Tusk".
- Notable Releases: 'Fleetwood Mac', 'Rumours', 'Tusk'.
- Awards/Recognition: 'Rumours' won the Grammy for Album of the Year.
- Concerts/Tours: The massive success of the 'Rumours' tour.

----------

ERA 3: Later Years and Legacy (1988-present) (5 minutes of speech)
- Summary: Discuss the band's later years, lineup changes, and enduring legacy.
- Tracks: "Everywhere", "Save Me", "Peacekeeper".
- Anecdotes/Stories: Discuss the departure and return of various members, the band's induction into the Rock and Roll Hall of Fame, and their influence on other artists.
- Notable Releases: 'Tango in the Night', 'Behind the Mask', 'Say You Will'.
- Awards/Recognition: Induction into the Rock and Roll Hall of Fame.
- Concerts/Tours: The band's successful reunion tours.

----------

CONCLUSION (2-3 minutes)
- Recap of Fleetwood Mac's musical journey, their transformation from a blues band to one of the most successful rock/pop bands of all time.
- Answer to Trivia Question: "Stevie Nicks and Lindsey Buckingham were in a romantic relationship during the recording of 'Rumours'."
- Must-listen releases: 'Fleetwood Mac', 'Rumours', 'Tusk'.
- Closing Track: "Landslide" from the album 'Fleetwood Mac'.

--------------------------------------------------------------------------------
basic_chat(): replied with: - Include more engaging anecdotes in Era 1 for listener engagement.
- Discuss the impact of lineup changes in Era 3 for depth.
- Replace "Save Me" with a more popular track for better music choice.
- Discuss the band's influence on the music industry for originality.
- Consider splitting Era 2 into two eras for better era choice.


--------- Running iteration 3 with (agent_a: Outline_Critic, agent_b: Outline_Writer) ----------


basic_chat: Outline_Critic -> Outline_Writer
Outline_Critic (to Outline_Writer):

- Include more engaging anecdotes in Era 1 for listener engagement.
- Discuss the impact of lineup changes in Era 3 for depth.
- Replace "Save Me" with a more popular track for better music choice.
- Discuss the band's influence on the music industry for originality.
- Consider splitting Era 2 into two eras for better era choice.

--------------------------------------------------------------------------------
basic_chat(): replied with: ARTIST: Fleetwood Mac

----------

INTRODUCTION (3-5 minutes)
- Introduction to Fleetwood Mac, their influence and impact on the music industry.
- Trivia Question: "Which two members of Fleetwood Mac were in a romantic relationship during the recording of the album 'Rumours'?"
- Highlight Track: "Go Your Own Way" from the album 'Rumours'.

----------

ERA 1: Blues Beginnings and Transition (1967-1974) (7 minutes of speech)
- Summary: Discuss the band's formation, early blues-rock sound, and transition towards a more rock/pop sound.
- Tracks: "Black Magic Woman", "Albatross", "Oh Well", "Dragonfly", "Did You Ever Love Me".
- Anecdotes/Stories: Discuss the band's formation, the addition of Christine McVie, the departure of Peter Green, the addition of Bob Welch, and the story behind the band's name.
- Notable Releases: Debut album 'Fleetwood Mac', 'Then Play On', 'Future Games', 'Bare Trees'.
- Awards/Recognition: 'Then Play On' reached No. 6 in the UK.
- Concerts/Tours: The band's first US tour.

----------

ERA 2: The Arrival of Nicks and Buckingham (1975-1977) (6 minutes of speech)
- Summary: Discuss the addition of Stevie Nicks and Lindsey Buckingham and the band's shift to mainstream success.
- Tracks: "Rhiannon", "Landslide", "Go Your Own Way", "Don't Stop".
- Anecdotes/Stories: Discuss the romantic relationships within the band and the impact on their music, particularly the story behind "Go Your Own Way".
- Notable Releases: 'Fleetwood Mac', 'Rumours'.
- Awards/Recognition: 'Rumours' won the Grammy for Album of the Year.
- Concerts/Tours: The massive success of the 'Rumours' tour.

----------

ERA 3: Experimentation and Evolution (1978-1987) (6 minutes of speech)
- Summary: Discuss the band's experimentation with different sounds and their continued success.
- Tracks: "Tusk", "Gypsy", "Little Lies", "Everywhere".
- Anecdotes/Stories: Discuss the unique recording process of "Tusk" and the band's evolving dynamics.
- Notable Releases: 'Tusk', 'Mirage', 'Tango in the Night'.
- Awards/Recognition: Multiple top 10 albums and singles.
- Concerts/Tours: The ambitious 'Tusk' tour.

----------

ERA 4: Later Years and Legacy (1988-present) (5 minutes of speech)
- Summary: Discuss the band's later years, lineup changes, and enduring legacy.
- Tracks: "Big Love", "Peacekeeper".
- Anecdotes/Stories: Discuss the departure and return of various members, the band's induction into the Rock and Roll Hall of Fame, their influence on other artists, and their impact on the music industry.
- Notable Releases: 'Behind the Mask', 'Say You Will'.
- Awards/Recognition: Induction into the Rock and Roll Hall of Fame.
- Concerts/Tours: The band's successful reunion tours.

----------

CONCLUSION (2-3 minutes)
- Recap of Fleetwood Mac's musical journey, their transformation from a blues band to one of the most successful rock/pop bands of all time.
- Answer to Trivia Question: "Stevie Nicks and Lindsey Buckingham were in a romantic relationship during the recording of 'Rumours'."
- Must-listen releases: 'Fleetwood Mac', 'Rumours', 'Tusk'.
- Closing Track: "Silver Springs" from the album 'Rumours'.


--------- Running iteration 4 with (agent_a: Outline_Writer, agent_b: Outline_Critic) ----------


basic_chat: Outline_Writer -> Outline_Critic
Outline_Writer (to Outline_Critic):

ARTIST: Fleetwood Mac

----------

INTRODUCTION (3-5 minutes)
- Introduction to Fleetwood Mac, their influence and impact on the music industry.
- Trivia Question: "Which two members of Fleetwood Mac were in a romantic relationship during the recording of the album 'Rumours'?"
- Highlight Track: "Go Your Own Way" from the album 'Rumours'.

----------

ERA 1: Blues Beginnings and Transition (1967-1974) (7 minutes of speech)
- Summary: Discuss the band's formation, early blues-rock sound, and transition towards a more rock/pop sound.
- Tracks: "Black Magic Woman", "Albatross", "Oh Well", "Dragonfly", "Did You Ever Love Me".
- Anecdotes/Stories: Discuss the band's formation, the addition of Christine McVie, the departure of Peter Green, the addition of Bob Welch, and the story behind the band's name.
- Notable Releases: Debut album 'Fleetwood Mac', 'Then Play On', 'Future Games', 'Bare Trees'.
- Awards/Recognition: 'Then Play On' reached No. 6 in the UK.
- Concerts/Tours: The band's first US tour.

----------

ERA 2: The Arrival of Nicks and Buckingham (1975-1977) (6 minutes of speech)
- Summary: Discuss the addition of Stevie Nicks and Lindsey Buckingham and the band's shift to mainstream success.
- Tracks: "Rhiannon", "Landslide", "Go Your Own Way", "Don't Stop".
- Anecdotes/Stories: Discuss the romantic relationships within the band and the impact on their music, particularly the story behind "Go Your Own Way".
- Notable Releases: 'Fleetwood Mac', 'Rumours'.
- Awards/Recognition: 'Rumours' won the Grammy for Album of the Year.
- Concerts/Tours: The massive success of the 'Rumours' tour.

----------

ERA 3: Experimentation and Evolution (1978-1987) (6 minutes of speech)
- Summary: Discuss the band's experimentation with different sounds and their continued success.
- Tracks: "Tusk", "Gypsy", "Little Lies", "Everywhere".
- Anecdotes/Stories: Discuss the unique recording process of "Tusk" and the band's evolving dynamics.
- Notable Releases: 'Tusk', 'Mirage', 'Tango in the Night'.
- Awards/Recognition: Multiple top 10 albums and singles.
- Concerts/Tours: The ambitious 'Tusk' tour.

----------

ERA 4: Later Years and Legacy (1988-present) (5 minutes of speech)
- Summary: Discuss the band's later years, lineup changes, and enduring legacy.
- Tracks: "Big Love", "Peacekeeper".
- Anecdotes/Stories: Discuss the departure and return of various members, the band's induction into the Rock and Roll Hall of Fame, their influence on other artists, and their impact on the music industry.
- Notable Releases: 'Behind the Mask', 'Say You Will'.
- Awards/Recognition: Induction into the Rock and Roll Hall of Fame.
- Concerts/Tours: The band's successful reunion tours.

----------

CONCLUSION (2-3 minutes)
- Recap of Fleetwood Mac's musical journey, their transformation from a blues band to one of the most successful rock/pop bands of all time.
- Answer to Trivia Question: "Stevie Nicks and Lindsey Buckingham were in a romantic relationship during the recording of 'Rumours'."
- Must-listen releases: 'Fleetwood Mac', 'Rumours', 'Tusk'.
- Closing Track: "Silver Springs" from the album 'Rumours'.

--------------------------------------------------------------------------------
basic_chat(): replied with: APPROVED
✅ Orchestrator was successful as the complete keyword was found.
Iteration cost: 0.15, tokens: 2508
Total cost: 0.15, tokens: 2508
Total cost: 0.15, tokens: 2508
