

---------- Outline Creation Feedback Conversation Starting ----------


basic_chat: Admin -> Outline_Writer
Admin (to Outline_Writer):


Create an outline for a podcast that gives an introduction around the discography of Fleetwood Mac.

FORMAT

ARTIST: [Insert Artist/Band Name Here]

INTRODUCTION (3-5 minutes)
- Briefly introduce the artist/band, emphasizing their significance in the music industry.
- Pose a trivia question that encapsulates an interesting aspect of the artist's/band's career, which the episode will later reveal.
- Highlight a signature track that introduces the artist's/band's style, or was their breakthrogh, whatever seems interesting.

----------

ERA 1: [Era Name] ([Years]) ([x] minutes of speech)
- Summary: Outline the general theme and musical direction of this era.
- Tracks: Curate a mix of hits and lesser-known tracks (with 10 tracks in total across all eras).
- Anecdotes/Stories: Share engaging stories from this time period, including personal or interband dynamics.
- Notable Releases: Discuss any significant album or single releases.
- If applicabe: Awards/Recognition: Mention any accolades received during this era. Concerts/Tours: Reflect on memorable live performances or tours.

ERA 2: [Era Name] ([Years]) ([x] minutes of speech)
- ...
- ...
...

----------

(Repeat the same format for subsequent eras as necessary.)

----------

CONCLUSION (2-3 minutes)
- Recap the artist's/band's musical journey, reflecting on the transformation and legacy.
- Answer the trivia question, tying it back to the information presented throughout the episode.
- Suggest must-listen releases
- Close with a track that represents the culmination of the artist's/band's musical exploration or their lasting influence.
    

--------------------------------------------------------------------------------
basic_chat(): replied with: ARTIST: Fleetwood Mac

INTRODUCTION (3-5 minutes)
- Introduction to Fleetwood Mac, their influence and impact on the music industry.
- Trivia Question: "Which two members of Fleetwood Mac were in a romantic relationship during the recording of the album 'Rumours'?"
- Highlight Track: "Go Your Own Way" from the album 'Rumours'.

----------

ERA 1: The Blues Era (1967-1970) (5 minutes of speech)
- Summary: Discuss the band's formation and early blues influences.
- Tracks: "Black Magic Woman", "Albatross", "Oh Well".
- Anecdotes/Stories: Discuss the band's formation and the addition of Christine McVie.
- Notable Releases: Discuss the albums 'Fleetwood Mac', 'Mr. Wonderful', and 'Then Play On'.
- Awards/Recognition: Mention their UK success. Concerts/Tours: Discuss their early tours in the UK and US.

ERA 2: The Transition Era (1971-1974) (5 minutes of speech)
- Summary: Discuss the band's transition from blues to a more rock/pop sound.
- Tracks: "Sentimental Lady", "Did You Ever Love Me".
- Anecdotes/Stories: Discuss the departure of Peter Green and the addition of Bob Welch.
- Notable Releases: Discuss the albums 'Future Games' and 'Bare Trees'.
- Awards/Recognition: Discuss their growing success in the US. Concerts/Tours: Discuss their continued touring.

ERA 3: The Pop Era (1975-1987) (5 minutes of speech)
- Summary: Discuss the band's shift to a more pop-oriented sound with the addition of Stevie Nicks and Lindsey Buckingham.
- Tracks: "Rhiannon", "Don't Stop", "Tusk", "Gypsy", "Little Lies".
- Anecdotes/Stories: Discuss the romantic relationships and tensions within the band.
- Notable Releases: Discuss the albums 'Fleetwood Mac', 'Rumours', 'Tusk', 'Mirage', and 'Tango in the Night'.
- Awards/Recognition: Discuss their Grammy wins and nominations. Concerts/Tours: Discuss their massive world tours.

----------

CONCLUSION (2-3 minutes)
- Recap Fleetwood Mac's musical journey, their transformation from a blues band to a pop/rock band, and their lasting legacy.
- Answer the Trivia Question: "Stevie Nicks and Lindsey Buckingham were in a romantic relationship during the recording of the album 'Rumours'."
- Suggest must-listen releases: 'Rumours', 'Tusk', 'Fleetwood Mac'.
- Close with the track "Everywhere" from the album 'Tango in the Night'.


--------- Running iteration 0 with (agent_a: Outline_Writer, agent_b: Outline_Critic) ----------


basic_chat: Outline_Writer -> Outline_Critic
Outline_Writer (to Outline_Critic):

ARTIST: Fleetwood Mac

INTRODUCTION (3-5 minutes)
- Introduction to Fleetwood Mac, their influence and impact on the music industry.
- Trivia Question: "Which two members of Fleetwood Mac were in a romantic relationship during the recording of the album 'Rumours'?"
- Highlight Track: "Go Your Own Way" from the album 'Rumours'.

----------

ERA 1: The Blues Era (1967-1970) (5 minutes of speech)
- Summary: Discuss the band's formation and early blues influences.
- Tracks: "Black Magic Woman", "Albatross", "Oh Well".
- Anecdotes/Stories: Discuss the band's formation and the addition of Christine McVie.
- Notable Releases: Discuss the albums 'Fleetwood Mac', 'Mr. Wonderful', and 'Then Play On'.
- Awards/Recognition: Mention their UK success. Concerts/Tours: Discuss their early tours in the UK and US.

ERA 2: The Transition Era (1971-1974) (5 minutes of speech)
- Summary: Discuss the band's transition from blues to a more rock/pop sound.
- Tracks: "Sentimental Lady", "Did You Ever Love Me".
- Anecdotes/Stories: Discuss the departure of Peter Green and the addition of Bob Welch.
- Notable Releases: Discuss the albums 'Future Games' and 'Bare Trees'.
- Awards/Recognition: Discuss their growing success in the US. Concerts/Tours: Discuss their continued touring.

ERA 3: The Pop Era (1975-1987) (5 minutes of speech)
- Summary: Discuss the band's shift to a more pop-oriented sound with the addition of Stevie Nicks and Lindsey Buckingham.
- Tracks: "Rhiannon", "Don't Stop", "Tusk", "Gypsy", "Little Lies".
- Anecdotes/Stories: Discuss the romantic relationships and tensions within the band.
- Notable Releases: Discuss the albums 'Fleetwood Mac', 'Rumours', 'Tusk', 'Mirage', and 'Tango in the Night'.
- Awards/Recognition: Discuss their Grammy wins and nominations. Concerts/Tours: Discuss their massive world tours.

----------

CONCLUSION (2-3 minutes)
- Recap Fleetwood Mac's musical journey, their transformation from a blues band to a pop/rock band, and their lasting legacy.
- Answer the Trivia Question: "Stevie Nicks and Lindsey Buckingham were in a romantic relationship during the recording of the album 'Rumours'."
- Suggest must-listen releases: 'Rumours', 'Tusk', 'Fleetwood Mac'.
- Close with the track "Everywhere" from the album 'Tango in the Night'.

--------------------------------------------------------------------------------
basic_chat(): replied with: - Include more engaging anecdotes or stories in the introduction.
- Add more depth to the Transition Era section; it lacks substantial content.
- Include more tracks from the Blues Era for balance.
- Add more unique trivia questions throughout the podcast.
- Include more details about the band's influence and impact in the conclusion.


--------- Running iteration 1 with (agent_a: Outline_Critic, agent_b: Outline_Writer) ----------


basic_chat: Outline_Critic -> Outline_Writer
Outline_Critic (to Outline_Writer):

- Include more engaging anecdotes or stories in the introduction.
- Add more depth to the Transition Era section; it lacks substantial content.
- Include more tracks from the Blues Era for balance.
- Add more unique trivia questions throughout the podcast.
- Include more details about the band's influence and impact in the conclusion.

--------------------------------------------------------------------------------
basic_chat(): replied with: ARTIST: Fleetwood Mac

INTRODUCTION (3-5 minutes)
- Introduction to Fleetwood Mac, their influence and impact on the music industry.
- Trivia Question: "Which two members of Fleetwood Mac were in a romantic relationship during the recording of the album 'Rumours'?"
- Anecdote: Share the story of how the band got its name from their drummer, Mick Fleetwood, and bass guitarist, John McVie.
- Highlight Track: "Go Your Own Way" from the album 'Rumours'.

----------

ERA 1: The Blues Era (1967-1970) (5 minutes of speech)
- Summary: Discuss the band's formation and early blues influences.
- Tracks: "Black Magic Woman", "Albatross", "Oh Well", "Need Your Love So Bad".
- Anecdotes/Stories: Discuss the band's formation, the addition of Christine McVie, and their early struggles with substance abuse.
- Notable Releases: Discuss the albums 'Fleetwood Mac', 'Mr. Wonderful', and 'Then Play On'.
- Awards/Recognition: Mention their UK success. Concerts/Tours: Discuss their early tours in the UK and US.

ERA 2: The Transition Era (1971-1974) (5-7 minutes of speech)
- Summary: Discuss the band's transition from blues to a more rock/pop sound.
- Tracks: "Sentimental Lady", "Did You Ever Love Me", "Hypnotized".
- Anecdotes/Stories: Discuss the departure of Peter Green, the addition of Bob Welch, and the band's relocation to Los Angeles.
- Notable Releases: Discuss the albums 'Future Games', 'Bare Trees', 'Penguin', and 'Mystery to Me'.
- Awards/Recognition: Discuss their growing success in the US. Concerts/Tours: Discuss their continued touring and their first headlining tour.
- Trivia Question: "Which member of Fleetwood Mac was briefly married to Mick Fleetwood?"

ERA 3: The Pop Era (1975-1987) (5 minutes of speech)
- Summary: Discuss the band's shift to a more pop-oriented sound with the addition of Stevie Nicks and Lindsey Buckingham.
- Tracks: "Rhiannon", "Don't Stop", "Tusk", "Gypsy", "Little Lies".
- Anecdotes/Stories: Discuss the romantic relationships and tensions within the band, and the impact of these dynamics on their music.
- Notable Releases: Discuss the albums 'Fleetwood Mac', 'Rumours', 'Tusk', 'Mirage', and 'Tango in the Night'.
- Awards/Recognition: Discuss their Grammy wins and nominations. Concerts/Tours: Discuss their massive world tours.

----------

CONCLUSION (2-3 minutes)
- Recap Fleetwood Mac's musical journey, their transformation from a blues band to a pop/rock band, and their lasting legacy.
- Discuss their influence on future generations of musicians and their impact on the music industry.
- Answer the Trivia Questions: "Stevie Nicks and Lindsey Buckingham were in a romantic relationship during the recording of the album 'Rumours'." and "Mick Fleetwood was briefly married to band member Jenny Boyd."
- Suggest must-listen releases: 'Rumours', 'Tusk', 'Fleetwood Mac'.
- Close with the track "Everywhere" from the album 'Tango in the Night'.


--------- Running iteration 2 with (agent_a: Outline_Writer, agent_b: Outline_Critic) ----------


basic_chat: Outline_Writer -> Outline_Critic
Outline_Writer (to Outline_Critic):

ARTIST: Fleetwood Mac

INTRODUCTION (3-5 minutes)
- Introduction to Fleetwood Mac, their influence and impact on the music industry.
- Trivia Question: "Which two members of Fleetwood Mac were in a romantic relationship during the recording of the album 'Rumours'?"
- Anecdote: Share the story of how the band got its name from their drummer, Mick Fleetwood, and bass guitarist, John McVie.
- Highlight Track: "Go Your Own Way" from the album 'Rumours'.

----------

ERA 1: The Blues Era (1967-1970) (5 minutes of speech)
- Summary: Discuss the band's formation and early blues influences.
- Tracks: "Black Magic Woman", "Albatross", "Oh Well", "Need Your Love So Bad".
- Anecdotes/Stories: Discuss the band's formation, the addition of Christine McVie, and their early struggles with substance abuse.
- Notable Releases: Discuss the albums 'Fleetwood Mac', 'Mr. Wonderful', and 'Then Play On'.
- Awards/Recognition: Mention their UK success. Concerts/Tours: Discuss their early tours in the UK and US.

ERA 2: The Transition Era (1971-1974) (5-7 minutes of speech)
- Summary: Discuss the band's transition from blues to a more rock/pop sound.
- Tracks: "Sentimental Lady", "Did You Ever Love Me", "Hypnotized".
- Anecdotes/Stories: Discuss the departure of Peter Green, the addition of Bob Welch, and the band's relocation to Los Angeles.
- Notable Releases: Discuss the albums 'Future Games', 'Bare Trees', 'Penguin', and 'Mystery to Me'.
- Awards/Recognition: Discuss their growing success in the US. Concerts/Tours: Discuss their continued touring and their first headlining tour.
- Trivia Question: "Which member of Fleetwood Mac was briefly married to Mick Fleetwood?"

ERA 3: The Pop Era (1975-1987) (5 minutes of speech)
- Summary: Discuss the band's shift to a more pop-oriented sound with the addition of Stevie Nicks and Lindsey Buckingham.
- Tracks: "Rhiannon", "Don't Stop", "Tusk", "Gypsy", "Little Lies".
- Anecdotes/Stories: Discuss the romantic relationships and tensions within the band, and the impact of these dynamics on their music.
- Notable Releases: Discuss the albums 'Fleetwood Mac', 'Rumours', 'Tusk', 'Mirage', and 'Tango in the Night'.
- Awards/Recognition: Discuss their Grammy wins and nominations. Concerts/Tours: Discuss their massive world tours.

----------

CONCLUSION (2-3 minutes)
- Recap Fleetwood Mac's musical journey, their transformation from a blues band to a pop/rock band, and their lasting legacy.
- Discuss their influence on future generations of musicians and their impact on the music industry.
- Answer the Trivia Questions: "Stevie Nicks and Lindsey Buckingham were in a romantic relationship during the recording of the album 'Rumours'." and "Mick Fleetwood was briefly married to band member Jenny Boyd."
- Suggest must-listen releases: 'Rumours', 'Tusk', 'Fleetwood Mac'.
- Close with the track "Everywhere" from the album 'Tango in the Night'.

--------------------------------------------------------------------------------
basic_chat(): replied with: - Include more engaging anecdotes in the Pop Era section.
- Add more depth to the Blues Era section; it lacks substantial content.
- Include more tracks from the Transition Era for balance.
- Add more unique trivia questions throughout the podcast.
- Include more details about the band's influence and impact in the conclusion.


--------- Running iteration 3 with (agent_a: Outline_Critic, agent_b: Outline_Writer) ----------


basic_chat: Outline_Critic -> Outline_Writer
Outline_Critic (to Outline_Writer):

- Include more engaging anecdotes in the Pop Era section.
- Add more depth to the Blues Era section; it lacks substantial content.
- Include more tracks from the Transition Era for balance.
- Add more unique trivia questions throughout the podcast.
- Include more details about the band's influence and impact in the conclusion.

--------------------------------------------------------------------------------
basic_chat(): replied with: ARTIST: Fleetwood Mac

INTRODUCTION (3-5 minutes)
- Introduction to Fleetwood Mac, their influence and impact on the music industry.
- Trivia Question: "Which two members of Fleetwood Mac were in a romantic relationship during the recording of the album 'Rumours'?"
- Anecdote: Share the story of how the band got its name from their drummer, Mick Fleetwood, and bass guitarist, John McVie.
- Highlight Track: "Go Your Own Way" from the album 'Rumours'.

----------

ERA 1: The Blues Era (1967-1970) (5-7 minutes of speech)
- Summary: Discuss the band's formation and early blues influences.
- Tracks: "Black Magic Woman", "Albatross", "Oh Well", "Need Your Love So Bad", "Man of the World".
- Anecdotes/Stories: Discuss the band's formation, the addition of Christine McVie, their early struggles with substance abuse, and the departure of Peter Green due to mental health issues.
- Notable Releases: Discuss the albums 'Fleetwood Mac', 'Mr. Wonderful', and 'Then Play On'.
- Awards/Recognition: Mention their UK success. Concerts/Tours: Discuss their early tours in the UK and US.
- Trivia Question: "Which Fleetwood Mac song was covered by Santana and became a hit?"

ERA 2: The Transition Era (1971-1974) (5-7 minutes of speech)
- Summary: Discuss the band's transition from blues to a more rock/pop sound.
- Tracks: "Sentimental Lady", "Did You Ever Love Me", "Hypnotized", "Bare Trees", "Emerald Eyes".
- Anecdotes/Stories: Discuss the departure of Peter Green, the addition of Bob Welch, the band's relocation to Los Angeles, and the brief departure of Jeremy Spencer.
- Notable Releases: Discuss the albums 'Future Games', 'Bare Trees', 'Penguin', and 'Mystery to Me'.
- Awards/Recognition: Discuss their growing success in the US. Concerts/Tours: Discuss their continued touring and their first headlining tour.
- Trivia Question: "Which member of Fleetwood Mac was briefly married to Mick Fleetwood?"

ERA 3: The Pop Era (1975-1987) (5-7 minutes of speech)
- Summary: Discuss the band's shift to a more pop-oriented sound with the addition of Stevie Nicks and Lindsey Buckingham.
- Tracks: "Rhiannon", "Don't Stop", "Tusk", "Gypsy", "Little Lies", "Sara".
- Anecdotes/Stories: Discuss the romantic relationships and tensions within the band, the impact of these dynamics on their music, and the infamous 'Rumours' recording sessions.
- Notable Releases: Discuss the albums 'Fleetwood Mac', 'Rumours', 'Tusk', 'Mirage', and 'Tango in the Night'.
- Awards/Recognition: Discuss their Grammy wins and nominations. Concerts/Tours: Discuss their massive world tours.
- Trivia Question: "Which Fleetwood Mac song was inspired by Stevie Nicks' visit to an old military base?"

----------

CONCLUSION (2-3 minutes)
- Recap Fleetwood Mac's musical journey, their transformation from a blues band to a pop/rock band, and their lasting legacy.
- Discuss their influence on future generations of musicians, their impact on the music industry, and their unique blend of musical styles.
- Answer the Trivia Questions: "Stevie Nicks and Lindsey Buckingham were in a romantic relationship during the recording of the album 'Rumours'.", "Mick Fleetwood was briefly married to band member Jenny Boyd.", "Santana covered Fleetwood Mac's 'Black Magic Woman' and it became a hit.", and "The song 'Sara' was inspired by Stevie Nicks' visit to an old military base."
- Suggest must-listen releases: 'Rumours', 'Tusk', 'Fleetwood Mac'.
- Close with the track "Everywhere" from the album 'Tango in the Night'.


--------- Running iteration 4 with (agent_a: Outline_Writer, agent_b: Outline_Critic) ----------


basic_chat: Outline_Writer -> Outline_Critic
Outline_Writer (to Outline_Critic):

ARTIST: Fleetwood Mac

INTRODUCTION (3-5 minutes)
- Introduction to Fleetwood Mac, their influence and impact on the music industry.
- Trivia Question: "Which two members of Fleetwood Mac were in a romantic relationship during the recording of the album 'Rumours'?"
- Anecdote: Share the story of how the band got its name from their drummer, Mick Fleetwood, and bass guitarist, John McVie.
- Highlight Track: "Go Your Own Way" from the album 'Rumours'.

----------

ERA 1: The Blues Era (1967-1970) (5-7 minutes of speech)
- Summary: Discuss the band's formation and early blues influences.
- Tracks: "Black Magic Woman", "Albatross", "Oh Well", "Need Your Love So Bad", "Man of the World".
- Anecdotes/Stories: Discuss the band's formation, the addition of Christine McVie, their early struggles with substance abuse, and the departure of Peter Green due to mental health issues.
- Notable Releases: Discuss the albums 'Fleetwood Mac', 'Mr. Wonderful', and 'Then Play On'.
- Awards/Recognition: Mention their UK success. Concerts/Tours: Discuss their early tours in the UK and US.
- Trivia Question: "Which Fleetwood Mac song was covered by Santana and became a hit?"

ERA 2: The Transition Era (1971-1974) (5-7 minutes of speech)
- Summary: Discuss the band's transition from blues to a more rock/pop sound.
- Tracks: "Sentimental Lady", "Did You Ever Love Me", "Hypnotized", "Bare Trees", "Emerald Eyes".
- Anecdotes/Stories: Discuss the departure of Peter Green, the addition of Bob Welch, the band's relocation to Los Angeles, and the brief departure of Jeremy Spencer.
- Notable Releases: Discuss the albums 'Future Games', 'Bare Trees', 'Penguin', and 'Mystery to Me'.
- Awards/Recognition: Discuss their growing success in the US. Concerts/Tours: Discuss their continued touring and their first headlining tour.
- Trivia Question: "Which member of Fleetwood Mac was briefly married to Mick Fleetwood?"

ERA 3: The Pop Era (1975-1987) (5-7 minutes of speech)
- Summary: Discuss the band's shift to a more pop-oriented sound with the addition of Stevie Nicks and Lindsey Buckingham.
- Tracks: "Rhiannon", "Don't Stop", "Tusk", "Gypsy", "Little Lies", "Sara".
- Anecdotes/Stories: Discuss the romantic relationships and tensions within the band, the impact of these dynamics on their music, and the infamous 'Rumours' recording sessions.
- Notable Releases: Discuss the albums 'Fleetwood Mac', 'Rumours', 'Tusk', 'Mirage', and 'Tango in the Night'.
- Awards/Recognition: Discuss their Grammy wins and nominations. Concerts/Tours: Discuss their massive world tours.
- Trivia Question: "Which Fleetwood Mac song was inspired by Stevie Nicks' visit to an old military base?"

----------

CONCLUSION (2-3 minutes)
- Recap Fleetwood Mac's musical journey, their transformation from a blues band to a pop/rock band, and their lasting legacy.
- Discuss their influence on future generations of musicians, their impact on the music industry, and their unique blend of musical styles.
- Answer the Trivia Questions: "Stevie Nicks and Lindsey Buckingham were in a romantic relationship during the recording of the album 'Rumours'.", "Mick Fleetwood was briefly married to band member Jenny Boyd.", "Santana covered Fleetwood Mac's 'Black Magic Woman' and it became a hit.", and "The song 'Sara' was inspired by Stevie Nicks' visit to an old military base."
- Suggest must-listen releases: 'Rumours', 'Tusk', 'Fleetwood Mac'.
- Close with the track "Everywhere" from the album 'Tango in the Night'.

--------------------------------------------------------------------------------
basic_chat(): replied with: APPROVED
✅ Orchestrator was successful as the complete keyword was found.
Iteration cost: 0.16, tokens: 2624
Total cost: 0, tokens: 0
Total cost: 0, tokens: 0
