Create an outline for a podcast that gives an introduction around the discography of Fleetwood Mac.
FORMAT

ARTIST: [Insert Artist/Band Name Here]

----------

INTRODUCTION (3-5 minutes)
- Briefly introduce the artist/band, emphasizing their significance in the music industry.
- Pose a trivia question that encapsulates an interesting aspect of the artist's/band's career, which the episode will later reveal.
- Highlight a signature track that introduces the artist's/band's style, or was their breakthrogh, whatever seems interesting.

----------

ERA 1: [Era Name] ([Years]) ([x] minutes of speech)
- Summary: Outline the general theme and musical direction of this era.
- Tracks: Curate a mix of hits and lesser-known tracks (with 10 tracks in total across all eras).
- Anecdotes/Stories: Share engaging stories from this time period, including personal or interband dynamics.
- Notable Releases: Discuss any significant album or single releases.
- If applicabe: Awards/Recognition: Mention any accolades received during this era. Concerts/Tours: Reflect on memorable live performances or tours.

----------

ERA 2: [Era Name] ([Years]) ([x] minutes of speech)
- ...
- ...
...

----------

(Repeat the same format for subsequent eras as necessary.)

----------

CONCLUSION (2-3 minutes)
- Recap the artist's/band's musical journey, reflecting on the transformation and legacy.
- Answer the trivia question, tying it back to the information presented throughout the episode.
- Suggest must-listen releases
- Close with a track that represents the culmination of the artist's/band's musical exploration or their lasting influence.

Total cost: 0, tokens: 0
