

---------- Outline Creation Feedback Conversation Starting ----------


basic_chat: Admin -> Script_Writer
Admin (to Script_Writer):


        Write the part of the script for the following section outline:
        INTRODUCTION (3 minutes)
- Brief history of Fleetwood Mac, formation, and early years.
- Introduction of the signature track: "Go Your Own Way".

        Use the LAST THREE SENTENCES from the last section to make sure this script flows naturally into this section.
        ENDING OF LAST SECTION
        This is the introduction, so there was no last section. Please write the introduction of the podcast according to the outline.
        

--------------------------------------------------------------------------------
basic_chat(): replied with: ----------
Hey there, folks! Welcome back to another episode of our musical journey. I'm your host, Basilius, and today, we're diving into the captivating world of a band that needs no introduction - Fleetwood Mac. 

Now, Fleetwood Mac, they're a band that's seen it all. Formed back in 1967, they started as a British blues outfit, led by the talented Peter Green. But as the years rolled on, they evolved, they changed, they grew. Members came and went, but two remained constant - Mick Fleetwood and John McVie, the namesakes of the band. 

In the early 70s, they were joined by Christine McVie, and then, in a twist of fate, by the American duo Lindsey Buckingham and Stevie Nicks. And that's when things really took off. Their sound shifted, their popularity soared, and they became the Fleetwood Mac we all know and love today.

And speaking of love, let's talk about a song that's all about the opposite. "Go Your Own Way", a track that's as iconic as the band itself. Written by Lindsey Buckingham, it's a raw, emotional piece that's said to be about his tumultuous relationship with Stevie Nicks. It's a song that's as much a part of their story as any of their members.

So, let's take a moment to appreciate this classic. Here's "Go Your Own Way" by Fleetwood Mac.

Pause for music: 'Go Your Own Way' by 'Fleetwood Mac'.

Ah, what a track, right? The emotion, the energy - it's just pure Fleetwood Mac. But, as we'll find out, there's so much more to their story. So, stick around, folks, as we delve deeper into the history, the music, and the magic of Fleetwood Mac.


--------- Running iteration 0 with (agent_a: Script_Writer, agent_b: Script_Critic) ----------


basic_chat: Script_Writer -> Script_Critic
Script_Writer (to Script_Critic):

----------
Hey there, folks! Welcome back to another episode of our musical journey. I'm your host, Basilius, and today, we're diving into the captivating world of a band that needs no introduction - Fleetwood Mac. 

Now, Fleetwood Mac, they're a band that's seen it all. Formed back in 1967, they started as a British blues outfit, led by the talented Peter Green. But as the years rolled on, they evolved, they changed, they grew. Members came and went, but two remained constant - Mick Fleetwood and John McVie, the namesakes of the band. 

In the early 70s, they were joined by Christine McVie, and then, in a twist of fate, by the American duo Lindsey Buckingham and Stevie Nicks. And that's when things really took off. Their sound shifted, their popularity soared, and they became the Fleetwood Mac we all know and love today.

And speaking of love, let's talk about a song that's all about the opposite. "Go Your Own Way", a track that's as iconic as the band itself. Written by Lindsey Buckingham, it's a raw, emotional piece that's said to be about his tumultuous relationship with Stevie Nicks. It's a song that's as much a part of their story as any of their members.

So, let's take a moment to appreciate this classic. Here's "Go Your Own Way" by Fleetwood Mac.

Pause for music: 'Go Your Own Way' by 'Fleetwood Mac'.

Ah, what a track, right? The emotion, the energy - it's just pure Fleetwood Mac. But, as we'll find out, there's so much more to their story. So, stick around, folks, as we delve deeper into the history, the music, and the magic of Fleetwood Mac.

--------------------------------------------------------------------------------
basic_chat(): replied with: Cohesiveness: The script could benefit from a brief recap of the previous episode to create a smoother connection with the current content.

Transitions: The transition from the band's history to the song discussion is abrupt. Consider using a smoother transition.

Flow: The script is well-paced, but could benefit from more pauses to allow listeners to absorb the information.

Dialogue: The conversation sounds natural and engaging.

Engagement: The script is engaging, but could benefit from more interactive elements, such as questions or prompts for listener participation.

Accuracy: The information presented is correct.

Depth: The script could delve deeper into the band's history and the significance of their music.

Originality: The content is creative, but could benefit from more unique insights or perspectives.

Insights: The script could offer more new perspectives or insights about the band or their music.

Thematic Fit: The content is thematically consistent.

Freshness: The script is free from repetition.

Music Integration: The music introduction and transition are smooth.

Abbreviations/Symbols: These are avoided everywhere.


--------- Running iteration 1 with (agent_a: Script_Critic, agent_b: Script_Writer) ----------


basic_chat: Script_Critic -> Script_Writer
Script_Critic (to Script_Writer):

Cohesiveness: The script could benefit from a brief recap of the previous episode to create a smoother connection with the current content.

Transitions: The transition from the band's history to the song discussion is abrupt. Consider using a smoother transition.

Flow: The script is well-paced, but could benefit from more pauses to allow listeners to absorb the information.

Dialogue: The conversation sounds natural and engaging.

Engagement: The script is engaging, but could benefit from more interactive elements, such as questions or prompts for listener participation.

Accuracy: The information presented is correct.

Depth: The script could delve deeper into the band's history and the significance of their music.

Originality: The content is creative, but could benefit from more unique insights or perspectives.

Insights: The script could offer more new perspectives or insights about the band or their music.

Thematic Fit: The content is thematically consistent.

Freshness: The script is free from repetition.

Music Integration: The music introduction and transition are smooth.

Abbreviations/Symbols: These are avoided everywhere.

--------------------------------------------------------------------------------
basic_chat(): replied with: ----------
Hey there, folks! Welcome back to another episode of our musical journey. I'm your host, Basilius, and today, we're diving into the captivating world of a band that needs no introduction - Fleetwood Mac. 

Now, if you remember from our last episode, we were exploring the roots of rock 'n' roll, and how it shaped the music scene in the 60s and 70s. And speaking of the 70s, that brings us to today's topic - Fleetwood Mac. 

Formed back in 1967, Fleetwood Mac started as a British blues outfit, led by the talented Peter Green. But as the years rolled on, they evolved, they changed, they grew. Members came and went, but two remained constant - Mick Fleetwood and John McVie, the namesakes of the band. 

In the early 70s, they were joined by Christine McVie, and then, in a twist of fate, by the American duo Lindsey Buckingham and Stevie Nicks. And that's when things really took off. Their sound shifted, their popularity soared, and they became the Fleetwood Mac we all know and love today.

Now, let's shift gears a bit and talk about one of their most iconic songs. "Go Your Own Way", a track that's as much a part of their story as any of their members. Written by Lindsey Buckingham, it's a raw, emotional piece that's said to be about his tumultuous relationship with Stevie Nicks. 

So, are you ready to take a trip down memory lane? Here's "Go Your Own Way" by Fleetwood Mac.

Pause for music: 'Go Your Own Way' by 'Fleetwood Mac'.

...And we're back. What a track, right? The emotion, the energy - it's just pure Fleetwood Mac. But, as we'll find out, there's so much more to their story. So, stick around, folks, as we delve deeper into the history, the music, and the magic of Fleetwood Mac. And hey, why not share your favorite Fleetwood Mac song with us? We'd love to hear from you.


--------- Running iteration 2 with (agent_a: Script_Writer, agent_b: Script_Critic) ----------


basic_chat: Script_Writer -> Script_Critic
Script_Writer (to Script_Critic):

----------
Hey there, folks! Welcome back to another episode of our musical journey. I'm your host, Basilius, and today, we're diving into the captivating world of a band that needs no introduction - Fleetwood Mac. 

Now, if you remember from our last episode, we were exploring the roots of rock 'n' roll, and how it shaped the music scene in the 60s and 70s. And speaking of the 70s, that brings us to today's topic - Fleetwood Mac. 

Formed back in 1967, Fleetwood Mac started as a British blues outfit, led by the talented Peter Green. But as the years rolled on, they evolved, they changed, they grew. Members came and went, but two remained constant - Mick Fleetwood and John McVie, the namesakes of the band. 

In the early 70s, they were joined by Christine McVie, and then, in a twist of fate, by the American duo Lindsey Buckingham and Stevie Nicks. And that's when things really took off. Their sound shifted, their popularity soared, and they became the Fleetwood Mac we all know and love today.

Now, let's shift gears a bit and talk about one of their most iconic songs. "Go Your Own Way", a track that's as much a part of their story as any of their members. Written by Lindsey Buckingham, it's a raw, emotional piece that's said to be about his tumultuous relationship with Stevie Nicks. 

So, are you ready to take a trip down memory lane? Here's "Go Your Own Way" by Fleetwood Mac.

Pause for music: 'Go Your Own Way' by 'Fleetwood Mac'.

...And we're back. What a track, right? The emotion, the energy - it's just pure Fleetwood Mac. But, as we'll find out, there's so much more to their story. So, stick around, folks, as we delve deeper into the history, the music, and the magic of Fleetwood Mac. And hey, why not share your favorite Fleetwood Mac song with us? We'd love to hear from you.

--------------------------------------------------------------------------------
basic_chat(): replied with: APPROVED
✅ Orchestrator was successful as the complete keyword was found.
Iteration cost: 0.07, tokens: 1153
Total cost: 0.07, tokens: 1153


---------- Outline Creation Feedback Conversation Starting ----------


basic_chat: Admin -> Script_Writer
Admin (to Script_Writer):


        Write the part of the script for the following section outline:
        ERA 1: The Peter Green Era (1967-1970) (5 minutes)
- Overview of the band's blues roots and Peter Green's influence.
- Music highlights: "Black Magic Woman", "Albatross", and "Oh Well".
- Stories: Peter Green's departure and its impact on the band.

        Use the LAST THREE SENTENCES from the last section to make sure this script flows naturally into this section.
        ENDING OF LAST SECTION
        So, stick around, folks, as we delve deeper into the history, the music, and the magic of Fleetwood Mac. And hey, why not share your favorite Fleetwood Mac song with us? We'd love to hear from you.
        

--------------------------------------------------------------------------------
basic_chat(): replied with: Alright, folks, thanks for sticking around. I hope you've got your favorite Fleetwood Mac song playing in your head now. I know I do. 

Now, let's take a step back in time to the late 60s, to the very beginning of Fleetwood Mac. The band was formed in 1967 in London, and it was a whole different beast back then. The original lineup consisted of Peter Green, Mick Fleetwood, John McVie, and Jeremy Spencer. They started off as a blues band, heavily influenced by the likes of B.B. King and Muddy Waters. 

Peter Green, the band's original frontman, was a phenomenal guitarist and songwriter. His bluesy guitar licks and soulful voice gave the band its unique sound. Some of the band's early hits like "Black Magic Woman", "Albatross", and "Oh Well" were all penned by Green. 

Pause for music: "Black Magic Woman" by Fleetwood Mac.

...And we're back. That was "Black Magic Woman", a classic Fleetwood Mac track from the Peter Green era. 

Now, as influential as Green was, his time with the band was unfortunately short-lived. He left the band in 1970 due to mental health issues, which was a huge blow to Fleetwood Mac. His departure marked the end of an era, but as we'll see, it was also the beginning of a new one. 

But before we move on to the next era, let's take a moment to appreciate the music that Peter Green and the early Fleetwood Mac gave us. 

Pause for music: "Albatross" and "Oh Well" by Fleetwood Mac.

...And we're back. Those were "Albatross" and "Oh Well", two more iconic tracks from the Peter Green era. 

Stay tuned, folks, as we continue our journey through the history of Fleetwood Mac. Up next, we'll be exploring the Bob Welch era, so don't go anywhere.


--------- Running iteration 0 with (agent_a: Script_Writer, agent_b: Script_Critic) ----------


basic_chat: Script_Writer -> Script_Critic
Script_Writer (to Script_Critic):

Alright, folks, thanks for sticking around. I hope you've got your favorite Fleetwood Mac song playing in your head now. I know I do. 

Now, let's take a step back in time to the late 60s, to the very beginning of Fleetwood Mac. The band was formed in 1967 in London, and it was a whole different beast back then. The original lineup consisted of Peter Green, Mick Fleetwood, John McVie, and Jeremy Spencer. They started off as a blues band, heavily influenced by the likes of B.B. King and Muddy Waters. 

Peter Green, the band's original frontman, was a phenomenal guitarist and songwriter. His bluesy guitar licks and soulful voice gave the band its unique sound. Some of the band's early hits like "Black Magic Woman", "Albatross", and "Oh Well" were all penned by Green. 

Pause for music: "Black Magic Woman" by Fleetwood Mac.

...And we're back. That was "Black Magic Woman", a classic Fleetwood Mac track from the Peter Green era. 

Now, as influential as Green was, his time with the band was unfortunately short-lived. He left the band in 1970 due to mental health issues, which was a huge blow to Fleetwood Mac. His departure marked the end of an era, but as we'll see, it was also the beginning of a new one. 

But before we move on to the next era, let's take a moment to appreciate the music that Peter Green and the early Fleetwood Mac gave us. 

Pause for music: "Albatross" and "Oh Well" by Fleetwood Mac.

...And we're back. Those were "Albatross" and "Oh Well", two more iconic tracks from the Peter Green era. 

Stay tuned, folks, as we continue our journey through the history of Fleetwood Mac. Up next, we'll be exploring the Bob Welch era, so don't go anywhere.

--------------------------------------------------------------------------------
basic_chat(): replied with: Cohesiveness: The script connects smoothly with prior content.

Transitions: The shifts between topics and music are fluid.

Flow: The script is well-paced.

Dialogue: The conversation sounds natural.

Engagement: The script keeps listeners interested and encourages interaction.

Accuracy: The information presented is correct.

Depth: The topics are explored in detail.

Originality: The content is creative.

Insights: New perspectives are offered.

Thematic Fit: The content is thematically consistent.

Freshness: The script is free from repetition.

Music Integration: Music introductions and transitions are smooth.

Abbreviations/Symbols: These are avoided everywhere. 

APPROVED.
✅ Orchestrator was successful as the complete keyword was found.
Iteration cost: 0.04, tokens: 705
Total cost: 0.11000000000000001, tokens: 1858


---------- Outline Creation Feedback Conversation Starting ----------


basic_chat: Admin -> Script_Writer
Admin (to Script_Writer):


        Write the part of the script for the following section outline:
        ERA 2: The Bob Welch Era (1971-1974) (4 minutes)
- Summary of the band's transition period and Bob Welch's contribution.
- Music highlights: "Sentimental Lady", "Hypnotized".
- Stories: The band's struggle to maintain stability and success.

        Use the LAST THREE SENTENCES from the last section to make sure this script flows naturally into this section.
        ENDING OF LAST SECTION
        Those were "Albatross" and "Oh Well", two more iconic tracks from the Peter Green era. Stay tuned, folks, as we continue our journey through the history of Fleetwood Mac. Up next, we'll be exploring the Bob Welch era, so don't go anywhere.
        

--------------------------------------------------------------------------------
basic_chat(): replied with: Alright, folks, we're back. As promised, we're now moving into the Bob Welch era of Fleetwood Mac. This was a time of transition for the band, as they grappled with the departure of Peter Green and sought to redefine their sound. 

Bob Welch, an American guitarist and vocalist, joined the band in 1971. His influence brought a more melodic, less bluesy sound to Fleetwood Mac. It was a shift, sure, but one that kept the band afloat during a challenging period. 

Now, let's talk about some of the music from this era. "Sentimental Lady" and "Hypnotized" are two tracks that really stand out. "Sentimental Lady" is a beautiful, soft rock ballad that showcases Welch's songwriting skills. And "Hypnotized"... well, it's just one of those songs that you can't help but get lost in. 

Pause for music: "Sentimental Lady" and "Hypnotized" by Fleetwood Mac.

And we're back. During this era, the band faced a lot of struggles. They were trying to maintain stability and success in the wake of Peter Green's departure, and it wasn't easy. But through it all, they kept making music, and that's something to be admired. 

So, that's a brief look at the Bob Welch era of Fleetwood Mac. It was a time of change, but also a time of resilience. And as we'll see, it set the stage for the band's next, and perhaps most famous, incarnation. But we'll get to that in a bit. For now, let's take a quick break. Stay tuned, folks.


--------- Running iteration 0 with (agent_a: Script_Writer, agent_b: Script_Critic) ----------


basic_chat: Script_Writer -> Script_Critic
Script_Writer (to Script_Critic):

Alright, folks, we're back. As promised, we're now moving into the Bob Welch era of Fleetwood Mac. This was a time of transition for the band, as they grappled with the departure of Peter Green and sought to redefine their sound. 

Bob Welch, an American guitarist and vocalist, joined the band in 1971. His influence brought a more melodic, less bluesy sound to Fleetwood Mac. It was a shift, sure, but one that kept the band afloat during a challenging period. 

Now, let's talk about some of the music from this era. "Sentimental Lady" and "Hypnotized" are two tracks that really stand out. "Sentimental Lady" is a beautiful, soft rock ballad that showcases Welch's songwriting skills. And "Hypnotized"... well, it's just one of those songs that you can't help but get lost in. 

Pause for music: "Sentimental Lady" and "Hypnotized" by Fleetwood Mac.

And we're back. During this era, the band faced a lot of struggles. They were trying to maintain stability and success in the wake of Peter Green's departure, and it wasn't easy. But through it all, they kept making music, and that's something to be admired. 

So, that's a brief look at the Bob Welch era of Fleetwood Mac. It was a time of change, but also a time of resilience. And as we'll see, it set the stage for the band's next, and perhaps most famous, incarnation. But we'll get to that in a bit. For now, let's take a quick break. Stay tuned, folks.

--------------------------------------------------------------------------------
basic_chat(): replied with: Cohesiveness: The script connects smoothly with prior content.

Transitions: The shifts between topics and music are fluid.

Flow: The script is well-paced.

Dialogue: The conversation sounds natural.

Engagement: The script keeps listeners interested. However, consider adding more interactive elements, such as questions or prompts for listener participation.

Accuracy: The information presented is correct.

Depth: The topics are explored in detail.

Originality: The content is creative.

Insights: New perspectives are offered.

Thematic Fit: The content is thematically consistent.

Freshness: The script is free from repetition.

Music Integration: The music introductions and transitions are smooth.

Abbreviations/Symbols: These are avoided everywhere. 

APPROVED.
✅ Orchestrator was successful as the complete keyword was found.
Iteration cost: 0.04, tokens: 666
Total cost: 0.15000000000000002, tokens: 2524


---------- Outline Creation Feedback Conversation Starting ----------


basic_chat: Admin -> Script_Writer
Admin (to Script_Writer):


        Write the part of the script for the following section outline:
        ERA 3: The Buckingham Nicks Era (1975-1987) (5 minutes)
- Overview of the band's most successful period with Lindsey Buckingham and Stevie Nicks.
- Music highlights: "Rhiannon", "Landslide", "Tusk", "Gypsy".
- Stories: The band's internal relationships and their effect on the music.

        Use the LAST THREE SENTENCES from the last section to make sure this script flows naturally into this section.
        ENDING OF LAST SECTION
        But we'll get to that in a bit. For now, let's take a quick break. Stay tuned, folks.
        

--------------------------------------------------------------------------------
basic_chat(): replied with: Alright, welcome back, folks! I hope you enjoyed that little musical interlude. Now, where were we? Ah, yes, we were about to dive into the Buckingham Nicks era of Fleetwood Mac, arguably the band's most successful period.

From 1975 to 1987, Lindsey Buckingham and Stevie Nicks joined the band, and boy, did they make a splash. Their unique sound and style brought a new energy to Fleetwood Mac, propelling them to the top of the charts and into the hearts of fans worldwide. 

And speaking of hearts, let's talk about the music. This era gave us some of the band's most iconic tracks. Who can forget the haunting melody of "Rhiannon", or the raw emotion in "Landslide"? And then there's the experimental "Tusk" and the enchanting "Gypsy". These songs not only defined Fleetwood Mac but also became anthems for a generation.

But it wasn't all smooth sailing. The band's internal relationships were as tumultuous as their music was captivating. The romantic entanglements and breakups within the group fueled their creativity, but also led to tension and conflict. It's a testament to their talent and dedication that they were able to channel these personal struggles into such powerful music.

Pause for music: "Rhiannon" by Fleetwood Mac.

And we're back. As we were saying, the Buckingham Nicks era was a time of great success for Fleetwood Mac, but it was also a time of great turmoil. The band's personal dynamics were as complex and intricate as their music, and it's this combination of talent, passion, and drama that has made Fleetwood Mac one of the most enduring bands in rock history. But more on that later. For now, let's keep the music going.

Pause for music: "Landslide" by Fleetwood Mac.

Alright, folks, that's it for the Buckingham Nicks era. Up next, we'll be exploring the band's later years and their enduring legacy. So, stick around, we've got plenty more Fleetwood Mac magic to share with you.


--------- Running iteration 0 with (agent_a: Script_Writer, agent_b: Script_Critic) ----------


basic_chat: Script_Writer -> Script_Critic
Script_Writer (to Script_Critic):

Alright, welcome back, folks! I hope you enjoyed that little musical interlude. Now, where were we? Ah, yes, we were about to dive into the Buckingham Nicks era of Fleetwood Mac, arguably the band's most successful period.

From 1975 to 1987, Lindsey Buckingham and Stevie Nicks joined the band, and boy, did they make a splash. Their unique sound and style brought a new energy to Fleetwood Mac, propelling them to the top of the charts and into the hearts of fans worldwide. 

And speaking of hearts, let's talk about the music. This era gave us some of the band's most iconic tracks. Who can forget the haunting melody of "Rhiannon", or the raw emotion in "Landslide"? And then there's the experimental "Tusk" and the enchanting "Gypsy". These songs not only defined Fleetwood Mac but also became anthems for a generation.

But it wasn't all smooth sailing. The band's internal relationships were as tumultuous as their music was captivating. The romantic entanglements and breakups within the group fueled their creativity, but also led to tension and conflict. It's a testament to their talent and dedication that they were able to channel these personal struggles into such powerful music.

Pause for music: "Rhiannon" by Fleetwood Mac.

And we're back. As we were saying, the Buckingham Nicks era was a time of great success for Fleetwood Mac, but it was also a time of great turmoil. The band's personal dynamics were as complex and intricate as their music, and it's this combination of talent, passion, and drama that has made Fleetwood Mac one of the most enduring bands in rock history. But more on that later. For now, let's keep the music going.

Pause for music: "Landslide" by Fleetwood Mac.

Alright, folks, that's it for the Buckingham Nicks era. Up next, we'll be exploring the band's later years and their enduring legacy. So, stick around, we've got plenty more Fleetwood Mac magic to share with you.

--------------------------------------------------------------------------------
basic_chat(): replied with: Cohesiveness: The script connects smoothly with prior content.

Transitions: The shifts between topics and music are fluid.

Flow: The script is well-paced.

Dialogue: The conversation sounds natural.

Engagement: The script keeps listeners interested.

Accuracy: The information presented is correct.

Depth: The topics are explored in detail.

Originality: The content is creative.

Insights: New perspectives are offered.

Thematic Fit: The content is thematically consistent.

Freshness: The script is free from repetition.

Music Integration: The music introductions and transitions are smooth.

Abbreviations/Symbols: These are avoided everywhere. 

APPROVED.
✅ Orchestrator was successful as the complete keyword was found.
Iteration cost: 0.04, tokens: 711
Total cost: 0.19000000000000003, tokens: 3235


---------- Outline Creation Feedback Conversation Starting ----------


basic_chat: Admin -> Script_Writer
Admin (to Script_Writer):


        Write the part of the script for the following section outline:
        ERA 4: The Post-Buckingham Era (1987-Present) (5 minutes)
- Summary of the band's later years, lineup changes, and continued success.
- Music highlights: "Everywhere", "Silver Springs", "Say You Will".
- Stories: The band's induction into the Rock and Roll Hall of Fame, their enduring legacy, and the return of Christine McVie.
- Exclusive: Discussion on the band's recent tours and performances.

        Use the LAST THREE SENTENCES from the last section to make sure this script flows naturally into this section.
        ENDING OF LAST SECTION
        Alright, folks, that's it for the Buckingham Nicks era. Up next, we'll be exploring the band's later years and their enduring legacy. So, stick around, we've got plenty more Fleetwood Mac magic to share with you.
        

--------------------------------------------------------------------------------
basic_chat(): replied with: Alright, welcome back, folks! I hope you're enjoying this journey through the history of Fleetwood Mac as much as I am. Now, let's dive into the band's later years, a period marked by lineup changes, continued success, and an enduring legacy that's still going strong today.

This era, known as the Post-Buckingham Era, began in 1987 and continues to the present day. Despite the departure of Lindsey Buckingham, the band didn't miss a beat. They continued to produce hit after hit, with tracks like "Everywhere", "Silver Springs", and "Say You Will" keeping them at the top of the charts.

Pause for music: "Everywhere" by Fleetwood Mac.

And we're back. Now, where were we? Ah, yes, the Post-Buckingham Era. This period also saw the band's induction into the Rock and Roll Hall of Fame, a testament to their incredible influence and staying power in the music industry. And let's not forget the return of Christine McVie, a moment that fans had been eagerly awaiting for years.

But the band's story doesn't end there. In recent years, they've embarked on several successful tours, proving that they've still got it. Their performances are as electrifying as ever, a testament to their timeless appeal and enduring talent.

So, there you have it, folks. The story of Fleetwood Mac, from their blues roots to their rock superstardom. It's been a wild ride, hasn't it? But that's what makes them so special. Through all the ups and downs, the lineup changes, and the personal dramas, they've remained one of the most iconic bands in music history. And I, for one, can't wait to see what they do next.

But for now, let's wrap things up with one more track. This is "Say You Will", another gem from the Post-Buckingham Era. Enjoy.

Pause for music: "Say You Will" by Fleetwood Mac.

And with that, we've come to the end of our journey through the history of Fleetwood Mac. I hope you've enjoyed it as much as I have. Until next time, folks, keep rocking.


--------- Running iteration 0 with (agent_a: Script_Writer, agent_b: Script_Critic) ----------


basic_chat: Script_Writer -> Script_Critic
Script_Writer (to Script_Critic):

Alright, welcome back, folks! I hope you're enjoying this journey through the history of Fleetwood Mac as much as I am. Now, let's dive into the band's later years, a period marked by lineup changes, continued success, and an enduring legacy that's still going strong today.

This era, known as the Post-Buckingham Era, began in 1987 and continues to the present day. Despite the departure of Lindsey Buckingham, the band didn't miss a beat. They continued to produce hit after hit, with tracks like "Everywhere", "Silver Springs", and "Say You Will" keeping them at the top of the charts.

Pause for music: "Everywhere" by Fleetwood Mac.

And we're back. Now, where were we? Ah, yes, the Post-Buckingham Era. This period also saw the band's induction into the Rock and Roll Hall of Fame, a testament to their incredible influence and staying power in the music industry. And let's not forget the return of Christine McVie, a moment that fans had been eagerly awaiting for years.

But the band's story doesn't end there. In recent years, they've embarked on several successful tours, proving that they've still got it. Their performances are as electrifying as ever, a testament to their timeless appeal and enduring talent.

So, there you have it, folks. The story of Fleetwood Mac, from their blues roots to their rock superstardom. It's been a wild ride, hasn't it? But that's what makes them so special. Through all the ups and downs, the lineup changes, and the personal dramas, they've remained one of the most iconic bands in music history. And I, for one, can't wait to see what they do next.

But for now, let's wrap things up with one more track. This is "Say You Will", another gem from the Post-Buckingham Era. Enjoy.

Pause for music: "Say You Will" by Fleetwood Mac.

And with that, we've come to the end of our journey through the history of Fleetwood Mac. I hope you've enjoyed it as much as I have. Until next time, folks, keep rocking.

--------------------------------------------------------------------------------
basic_chat(): replied with: APPROVED
✅ Orchestrator was successful as the complete keyword was found.
Iteration cost: 0.04, tokens: 646
Total cost: 0.23000000000000004, tokens: 3881


---------- Outline Creation Feedback Conversation Starting ----------


basic_chat: Admin -> Script_Writer
Admin (to Script_Writer):


        Write the part of the script for the following section outline:
        CONCLUSION (3 minutes)
- Recap of Fleetwood Mac's evolution and influence on music.
- Conclusion with the song that encapsulates the band's evolution: "The Chain".
        Use the LAST THREE SENTENCES from the last section to make sure this script flows naturally into this section.
        ENDING OF LAST SECTION
        And with that, we've come to the end of our journey through the history of Fleetwood Mac. I hope you've enjoyed it as much as I have. Until next time, folks, keep rocking.
        

--------------------------------------------------------------------------------
basic_chat(): replied with: ----------
Alright, folks, we've just wrapped up our journey through the history of Fleetwood Mac, from their blues roots with Peter Green, through the transitional period with Bob Welch, to their most successful era with Buckingham and Nicks, and finally, their enduring legacy in the post-Buckingham era. What a ride it's been, huh? 

Fleetwood Mac's evolution is a testament to their resilience, their creativity, and their undeniable talent. They've weathered lineup changes, personal turmoil, and the ever-changing music landscape, yet they've managed to leave an indelible mark on the world of music. Their influence can be heard in countless bands and artists who've followed in their footsteps, and their music continues to resonate with fans old and new.

And now, to wrap things up, we're going to play a song that, in my opinion, perfectly encapsulates the band's evolution. It's a track that features contributions from all five members, a rarity in their catalog, and it showcases their ability to blend their individual talents into a cohesive, powerful whole. This is "The Chain", a testament to the unbreakable bond that is Fleetwood Mac.

Pause for music: 'The Chain' by Fleetwood Mac.

And there you have it, folks. "The Chain" by Fleetwood Mac. A fitting end to our journey, don't you think? I hope you've enjoyed this deep dive into the history of Fleetwood Mac. I've certainly enjoyed sharing it with you. Until next time, keep the music playing, and remember, in the immortal words of Fleetwood Mac, you can go your own way.


--------- Running iteration 0 with (agent_a: Script_Writer, agent_b: Script_Critic) ----------


basic_chat: Script_Writer -> Script_Critic
Script_Writer (to Script_Critic):

----------
Alright, folks, we've just wrapped up our journey through the history of Fleetwood Mac, from their blues roots with Peter Green, through the transitional period with Bob Welch, to their most successful era with Buckingham and Nicks, and finally, their enduring legacy in the post-Buckingham era. What a ride it's been, huh? 

Fleetwood Mac's evolution is a testament to their resilience, their creativity, and their undeniable talent. They've weathered lineup changes, personal turmoil, and the ever-changing music landscape, yet they've managed to leave an indelible mark on the world of music. Their influence can be heard in countless bands and artists who've followed in their footsteps, and their music continues to resonate with fans old and new.

And now, to wrap things up, we're going to play a song that, in my opinion, perfectly encapsulates the band's evolution. It's a track that features contributions from all five members, a rarity in their catalog, and it showcases their ability to blend their individual talents into a cohesive, powerful whole. This is "The Chain", a testament to the unbreakable bond that is Fleetwood Mac.

Pause for music: 'The Chain' by Fleetwood Mac.

And there you have it, folks. "The Chain" by Fleetwood Mac. A fitting end to our journey, don't you think? I hope you've enjoyed this deep dive into the history of Fleetwood Mac. I've certainly enjoyed sharing it with you. Until next time, keep the music playing, and remember, in the immortal words of Fleetwood Mac, you can go your own way.

--------------------------------------------------------------------------------
basic_chat(): replied with: APPROVED
✅ Orchestrator was successful as the complete keyword was found.
Iteration cost: 0.03, tokens: 460
Total cost: 0.26, tokens: 4341
